2023-02-09 22:33:16 INFO  Application:23 - 		â¤ğ“¦ğ“”ğ“›ğ“’ğ“ğ“œğ“” ğ“£ğ“ ğ“ğ“Ÿğ“ğ“ ğ“‘ğ“¤ğ“¢ ğ“¢ğ“”ğ“¡ğ“¥ğ“˜ğ“’ğ“”â¤
2023-02-09 22:33:16 INFO  Application:25 - 
	1. LogIn
	2. Exit
2023-02-09 22:33:23 INFO  UserDaoImpl:168 - 	Please enter userid :	
2023-02-09 22:33:26 INFO  UserDaoImpl:171 - 	Please enter password :	
2023-02-11 19:17:02 INFO  Application:23 - 		â¤ğ“¦ğ“”ğ“›ğ“’ğ“ğ“œğ“” ğ“£ğ“ ğ“ğ“Ÿğ“ğ“ ğ“‘ğ“¤ğ“¢ ğ“¢ğ“”ğ“¡ğ“¥ğ“˜ğ“’ğ“”â¤
2023-02-11 19:17:02 INFO  Application:25 - 
	1. LogIn
	2. Exit
2023-02-11 19:17:06 INFO  Application:44 - 	Incorrect @Please try again


2023-02-11 19:17:06 INFO  Application:23 - 		â¤ğ“¦ğ“”ğ“›ğ“’ğ“ğ“œğ“” ğ“£ğ“ ğ“ğ“Ÿğ“ğ“ ğ“‘ğ“¤ğ“¢ ğ“¢ğ“”ğ“¡ğ“¥ğ“˜ğ“’ğ“”â¤
2023-02-11 19:17:06 INFO  Application:25 - 
	1. LogIn
	2. Exit
2023-02-11 19:17:07 INFO  Application:44 - 	Incorrect @Please try again


2023-02-11 19:17:07 INFO  Application:23 - 		â¤ğ“¦ğ“”ğ“›ğ“’ğ“ğ“œğ“” ğ“£ğ“ ğ“ğ“Ÿğ“ğ“ ğ“‘ğ“¤ğ“¢ ğ“¢ğ“”ğ“¡ğ“¥ğ“˜ğ“’ğ“”â¤
2023-02-11 19:17:07 INFO  Application:25 - 
	1. LogIn
	2. Exit
2023-02-11 19:17:08 INFO  Application:44 - 	Incorrect @Please try again


2023-02-11 19:17:08 INFO  Application:23 - 		â¤ğ“¦ğ“”ğ“›ğ“’ğ“ğ“œğ“” ğ“£ğ“ ğ“ğ“Ÿğ“ğ“ ğ“‘ğ“¤ğ“¢ ğ“¢ğ“”ğ“¡ğ“¥ğ“˜ğ“’ğ“”â¤
2023-02-11 19:17:08 INFO  Application:25 - 
	1. LogIn
	2. Exit
2023-02-11 19:17:09 INFO  UserDaoImpl:168 - 	Please enter userid :	
2023-02-11 19:17:13 INFO  UserDaoImpl:171 - 	Please enter password :	
